#
# There is insufficient memory for the Java Runtime Environment to continue.
# Native memory allocation (mmap) failed to map 123731968 bytes. Error detail: G1 virtual space
# Possible reasons:
#   The system is out of physical RAM or swap space
#   This process is running with CompressedOops enabled, and the Java Heap may be blocking the growth of the native heap
# Possible solutions:
#   Reduce memory load on the system
#   Increase physical memory or swap space
#   Check if swap backing store is full
#   Decrease Java heap size (-Xmx/-Xms)
#   Decrease number of Java threads
#   Decrease Java thread stack sizes (-Xss)
#   Set larger code cache with -XX:ReservedCodeCacheSize=
#   JVM is running with Unscaled Compressed Oops mode in which the Java heap is
#     placed in the first 4GB address space. The Java Heap base address is the
#     maximum limit for the native heap growth. Please use -XX:HeapBaseMinAddress
#     to set the Java Heap base and to place the Java Heap above 4GB virtual address.
# This output file may be truncated or incomplete.
#
#  Out of Memory Error (os_windows.cpp:3616), pid=40620, tid=37248
#
# JRE version:  (21.0.4+7) (build )
# Java VM: OpenJDK 64-Bit Server VM (21.0.4+7-LTS, mixed mode, sharing, tiered, compressed oops, compressed class ptrs, g1 gc, windows-amd64)
# No core dump will be written. Minidumps are not enabled by default on client versions of Windows
#

---------------  S U M M A R Y ------------

Command Line: -Dclassworlds.conf=C:\Program Files\Maven\apache-maven-3.9.9\bin\m2.conf -Dmaven.home=C:\Program Files\Maven\apache-maven-3.9.9 -Dlibrary.jansi.path=C:\Program Files\Maven\apache-maven-3.9.9\lib\jansi-native -Dmaven.multiModuleProjectDirectory=C:\Users\valen\Downloads\Proyecto-Desarrollo-Web\demo org.codehaus.plexus.classworlds.launcher.Launcher -Dtest=com.example.demo.e2e.UseCaseTest1 test

Host: AMD Ryzen 5 7535HS with Radeon Graphics        , 12 cores, 7G,  Windows 11 , 64 bit Build 22621 (10.0.22621.3958)
Time: Tue Oct 29 09:46:16 2024 Hora est. Pacífico, Sudamérica elapsed time: 0.015289 seconds (0d 0h 0m 0s)

---------------  T H R E A D  ---------------

Current thread (0x00000206b9ad78b0):  JavaThread "Unknown thread" [_thread_in_vm, id=37248, stack(0x000000537d600000,0x000000537d700000) (1024K)]

Stack: [0x000000537d600000,0x000000537d700000]
Native frames: (J=compiled Java code, j=interpreted, Vv=VM code, C=native code)
V  [jvm.dll+0x6cbcf9]
V  [jvm.dll+0x8a5551]
V  [jvm.dll+0x8a7a7e]
V  [jvm.dll+0x8a8153]
V  [jvm.dll+0x27eca6]
V  [jvm.dll+0x6c8445]
V  [jvm.dll+0x6bd13a]
V  [jvm.dll+0x354a0a]
V  [jvm.dll+0x35c5b6]
V  [jvm.dll+0x3adf3e]
V  [jvm.dll+0x3ae1e8]
V  [jvm.dll+0x328bcc]
V  [jvm.dll+0x32972b]
V  [jvm.dll+0x86e7b9]
V  [jvm.dll+0x3bac91]
V  [jvm.dll+0x857973]
V  [jvm.dll+0x44f32e]
V  [jvm.dll+0x450f71]
C  [jli.dll+0x5278]
C  [ucrtbase.dll+0x29333]
C  [KERNEL32.DLL+0x1257d]
C  [ntdll.dll+0x5af08]


---------------  P R O C E S S  ---------------

Threads class SMR info:
_java_thread_list=0x00007ff9da973088, length=0, elements={
}

Java Threads: ( => current thread )
Total: 0

Other Threads:
  0x00000206b9b23b40 WorkerThread "GC Thread#0"                     [id=39060, stack(0x000000537d700000,0x000000537d800000) (1024K)]
  0x00000206b9b334a0 ConcurrentGCThread "G1 Main Marker"            [id=43836, stack(0x000000537d800000,0x000000537d900000) (1024K)]
  0x00000206b9b34050 WorkerThread "G1 Conc#0"                       [id=27944, stack(0x000000537d900000,0x000000537da00000) (1024K)]

[error occurred during error reporting (printing all threads), id 0xc0000005, EXCEPTION_ACCESS_VIOLATION (0xc0000005) at pc=0x00007ff9da07b4f7]
VM state: not at safepoint (not fully initialized)

VM Mutex/Monitor currently owned by a thread:  ([mutex/lock_event])
[0x00007ff9da9e7408] Heap_lock - owner thread: 0x00000206b9ad78b0

Heap address: 0x000000008ac00000, size: 1876 MB, Compressed Oops mode: 32-bit

CDS archive(s) mapped at: [0x0000000000000000-0x0000000000000000-0x0000000000000000), size 0, SharedBaseAddress: 0x0000000800000000, ArchiveRelocationMode: 1.
Narrow klass base: 0x0000000000000000, Narrow klass shift: 0, Narrow klass range: 0x0

GC Precious Log:
 CardTable entry size: 512
 Card Set container configuration: InlinePtr #cards 5 size 8 Array Of Cards #cards 12 size 40 Howl #buckets 4 coarsen threshold 1843 Howl Bitmap #cards 512 size 80 coarsen threshold 460 Card regions per heap region 1 cards per card region 2048

Heap:
 garbage-first heap   total 0K, used 0K [0x000000008ac00000, 0x0000000100000000)
  region size 1024K, 0 young (0K), 0 survivors (0K)

[error occurred during error reporting (printing heap information), id 0xc0000005, EXCEPTION_ACCESS_VIOLATION (0xc0000005) at pc=0x00007ff9da465669]
GC Heap History (0 events):
No events

Dll operation events (1 events):
Event: 0.010 Loaded shared library C:\Program Files\RedHat\java-21-openjdk-21.0.4.0.7-1\bin\java.dll

Deoptimization events (0 events):
No events

Classes loaded (0 events):
No events

Classes unloaded (0 events):
No events

Classes redefined (0 events):
No events

Internal exceptions (0 events):
No events

ZGC Phase Switch (0 events):
No events

VM Operations (0 events):
No events

Memory protections (0 events):
No events

Nmethod flushes (0 events):
No events

Events (0 events):
No events


Dynamic libraries:
0x00007ff727e70000 - 0x00007ff727e7e000 	C:\Program Files\RedHat\java-21-openjdk-21.0.4.0.7-1\bin\java.exe
0x00007ffa52170000 - 0x00007ffa52387000 	C:\Windows\SYSTEM32\ntdll.dll
0x00007ffa51160000 - 0x00007ffa51224000 	C:\Windows\System32\KERNEL32.DLL
0x00007ffa4f5a0000 - 0x00007ffa4f957000 	C:\Windows\System32\KERNELBASE.dll
0x00007ffa48ce0000 - 0x00007ffa48d77000 	C:\Windows\SYSTEM32\apphelp.dll
0x00007ffa4f480000 - 0x00007ffa4f591000 	C:\Windows\System32\ucrtbase.dll
0x00007ffa329a0000 - 0x00007ffa329b8000 	C:\Program Files\RedHat\java-21-openjdk-21.0.4.0.7-1\bin\jli.dll
0x00007ffa50bd0000 - 0x00007ffa50d7f000 	C:\Windows\System32\USER32.dll
0x00007ffa31210000 - 0x00007ffa3122b000 	C:\Program Files\RedHat\java-21-openjdk-21.0.4.0.7-1\bin\VCRUNTIME140.dll
0x00007ffa4fb20000 - 0x00007ffa4fb46000 	C:\Windows\System32\win32u.dll
0x00007ffa50990000 - 0x00007ffa509b9000 	C:\Windows\System32\GDI32.dll
0x00007ffa45a20000 - 0x00007ffa45cb3000 	C:\Windows\WinSxS\amd64_microsoft.windows.common-controls_6595b64144ccf1df_6.0.22621.3672_none_2713b9d173822955\COMCTL32.dll
0x00007ffa4fa00000 - 0x00007ffa4fb18000 	C:\Windows\System32\gdi32full.dll
0x00007ffa50d80000 - 0x00007ffa50e27000 	C:\Windows\System32\msvcrt.dll
0x00007ffa4f960000 - 0x00007ffa4f9fa000 	C:\Windows\System32\msvcp_win.dll
0x00007ffa509e0000 - 0x00007ffa50a11000 	C:\Windows\System32\IMM32.DLL
0x00007ffa48ec0000 - 0x00007ffa48ecc000 	C:\Program Files\RedHat\java-21-openjdk-21.0.4.0.7-1\bin\vcruntime140_1.dll
0x00007ffa29530000 - 0x00007ffa295be000 	C:\Program Files\RedHat\java-21-openjdk-21.0.4.0.7-1\bin\msvcp140.dll
0x00007ff9d9d40000 - 0x00007ff9daac8000 	C:\Program Files\RedHat\java-21-openjdk-21.0.4.0.7-1\bin\server\jvm.dll
0x00007ffa51270000 - 0x00007ffa51322000 	C:\Windows\System32\ADVAPI32.dll
0x00007ffa51ed0000 - 0x00007ffa51f78000 	C:\Windows\System32\sechost.dll
0x00007ffa4fb50000 - 0x00007ffa4fb78000 	C:\Windows\System32\bcrypt.dll
0x00007ffa517d0000 - 0x00007ffa518e4000 	C:\Windows\System32\RPCRT4.dll
0x00007ffa510e0000 - 0x00007ffa51151000 	C:\Windows\System32\WS2_32.dll
0x00007ffa49590000 - 0x00007ffa495c4000 	C:\Windows\SYSTEM32\WINMM.dll
0x00007ffa46d50000 - 0x00007ffa46d5a000 	C:\Windows\SYSTEM32\VERSION.dll
0x00007ffa4f350000 - 0x00007ffa4f39d000 	C:\Windows\SYSTEM32\POWRPROF.dll
0x00007ffa4f330000 - 0x00007ffa4f343000 	C:\Windows\SYSTEM32\UMPDC.dll
0x00007ffa4e490000 - 0x00007ffa4e4a8000 	C:\Windows\SYSTEM32\kernel.appcore.dll
0x00007ffa40e30000 - 0x00007ffa40e3a000 	C:\Program Files\RedHat\java-21-openjdk-21.0.4.0.7-1\bin\jimage.dll
0x00007ffa46070000 - 0x00007ffa462a2000 	C:\Windows\SYSTEM32\DBGHELP.DLL
0x00007ffa51430000 - 0x00007ffa517be000 	C:\Windows\System32\combase.dll
0x00007ffa50f20000 - 0x00007ffa50ff7000 	C:\Windows\System32\OLEAUT32.dll
0x00007ffa41fd0000 - 0x00007ffa42002000 	C:\Windows\SYSTEM32\dbgcore.DLL
0x00007ffa4fdb0000 - 0x00007ffa4fe2b000 	C:\Windows\System32\bcryptPrimitives.dll
0x00007ffa2fb10000 - 0x00007ffa2fb2f000 	C:\Program Files\RedHat\java-21-openjdk-21.0.4.0.7-1\bin\java.dll

dbghelp: loaded successfully - version: 4.0.5 - missing functions: none
symbol engine: initialized successfully - sym options: 0x614 - pdb path: .;C:\Program Files\RedHat\java-21-openjdk-21.0.4.0.7-1\bin;C:\Windows\SYSTEM32;C:\Windows\WinSxS\amd64_microsoft.windows.common-controls_6595b64144ccf1df_6.0.22621.3672_none_2713b9d173822955;C:\Program Files\RedHat\java-21-openjdk-21.0.4.0.7-1\bin\server

VM Arguments:
jvm_args: -Dclassworlds.conf=C:\Program Files\Maven\apache-maven-3.9.9\bin\m2.conf -Dmaven.home=C:\Program Files\Maven\apache-maven-3.9.9 -Dlibrary.jansi.path=C:\Program Files\Maven\apache-maven-3.9.9\lib\jansi-native -Dmaven.multiModuleProjectDirectory=C:\Users\valen\Downloads\Proyecto-Desarrollo-Web\demo 
java_command: org.codehaus.plexus.classworlds.launcher.Launcher -Dtest=com.example.demo.e2e.UseCaseTest1 test
java_class_path (initial): C:\Program Files\Maven\apache-maven-3.9.9\boot\plexus-classworlds-2.8.0.jar
Launcher Type: SUN_STANDARD

[Global flags]
     intx CICompilerCount                          = 4                                         {product} {ergonomic}
     uint ConcGCThreads                            = 3                                         {product} {ergonomic}
     uint G1ConcRefinementThreads                  = 10                                        {product} {ergonomic}
   size_t G1HeapRegionSize                         = 1048576                                   {product} {ergonomic}
    uintx GCDrainStackTargetSize                   = 64                                        {product} {ergonomic}
   size_t InitialHeapSize                          = 123731968                                 {product} {ergonomic}
   size_t MarkStackSize                            = 4194304                                   {product} {ergonomic}
   size_t MaxHeapSize                              = 1967128576                                {product} {ergonomic}
   size_t MinHeapDeltaBytes                        = 1048576                                   {product} {ergonomic}
   size_t MinHeapSize                              = 8388608                                   {product} {ergonomic}
    uintx NonNMethodCodeHeapSize                   = 5839372                                {pd product} {ergonomic}
    uintx NonProfiledCodeHeapSize                  = 122909434                              {pd product} {ergonomic}
    uintx ProfiledCodeHeapSize                     = 122909434                              {pd product} {ergonomic}
    uintx ReservedCodeCacheSize                    = 251658240                              {pd product} {ergonomic}
     bool SegmentedCodeCache                       = true                                      {product} {ergonomic}
   size_t SoftMaxHeapSize                          = 1967128576                             {manageable} {ergonomic}
     bool UseCompressedOops                        = true                           {product lp64_product} {ergonomic}
     bool UseG1GC                                  = true                                      {product} {ergonomic}
     bool UseLargePagesIndividualAllocation        = false                                  {pd product} {ergonomic}

Logging:
Log output configuration:
 #0: stdout all=warning uptime,level,tags foldmultilines=false
 #1: stderr all=off uptime,level,tags foldmultilines=false

Environment Variables:
JAVA_HOME=C:\Program Files\RedHat\java-21-openjdk-21.0.4.0.7-1\
PATH=C:\Windows\system32;C:\Windows;C:\Windows\System32\Wbem;C:\Windows\System32\WindowsPowerShell\v1.0\;C:\Windows\System32\OpenSSH\;C:\Program Files (x86)\NVIDIA Corporation\PhysX\Common;C:\Program Files\NVIDIA Corporation\NVIDIA NvDLISR;C:\Program Files\dotnet\;C:\Program Files\RedHat\java-21-openjdk-21.0.4.0.7-1\bin;C:\Program Files\Git\cmd;C:\Program Files\nodejs\;C:\Program Files\Maven;C:\Program Files\Maven\apache-maven-3.9.9\bin;C:\Users\valen\AppData\Local\Microsoft\WindowsApps;C:\Users\valen\AppData\Local\Programs\Microsoft VS Code\bin;C:\Users\valen\AppData\Local\GitHubDesktop\bin;C:\Users\valen\AppData\Roaming\npm
USERNAME=valen
OS=Windows_NT
PROCESSOR_IDENTIFIER=AMD64 Family 25 Model 68 Stepping 1, AuthenticAMD
TMP=C:\Users\valen\AppData\Local\Temp
TEMP=C:\Users\valen\AppData\Local\Temp




Periodic native trim disabled

---------------  S Y S T E M  ---------------

OS:
 Windows 11 , 64 bit Build 22621 (10.0.22621.3958)
OS uptime: 9 days 2:40 hours
Hyper-V role detected

CPU: total 12 (initial active 12) (12 cores per cpu, 2 threads per core) family 25 model 68 stepping 1 microcode 0x0, cx8, cmov, fxsr, ht, mmx, 3dnowpref, sse, sse2, sse3, ssse3, sse4a, sse4.1, sse4.2, popcnt, lzcnt, tsc, tscinvbit, avx, avx2, aes, erms, clmul, bmi1, bmi2, adx, sha, fma, vzeroupper, clflush, clflushopt, hv, rdtscp, rdpid, fsrm, f16c, cet_ss
Processor Information for processor 0
  Max Mhz: 3301, Current Mhz: 2496, Mhz Limit: 3301
Processor Information for processor 1
  Max Mhz: 3301, Current Mhz: 2496, Mhz Limit: 3301
Processor Information for processor 2
  Max Mhz: 3301, Current Mhz: 2496, Mhz Limit: 3301
Processor Information for processor 3
  Max Mhz: 3301, Current Mhz: 3301, Mhz Limit: 3301
Processor Information for processor 4
  Max Mhz: 3301, Current Mhz: 2496, Mhz Limit: 3301
Processor Information for processor 5
  Max Mhz: 3301, Current Mhz: 3301, Mhz Limit: 3301
Processor Information for processor 6
  Max Mhz: 3301, Current Mhz: 2496, Mhz Limit: 3301
Processor Information for processor 7
  Max Mhz: 3301, Current Mhz: 3301, Mhz Limit: 3301
Processor Information for processor 8
  Max Mhz: 3301, Current Mhz: 2496, Mhz Limit: 3301
Processor Information for processor 9
  Max Mhz: 3301, Current Mhz: 2496, Mhz Limit: 3301
Processor Information for processor 10
  Max Mhz: 3301, Current Mhz: 3301, Mhz Limit: 3301
Processor Information for processor 11
  Max Mhz: 3301, Current Mhz: 3301, Mhz Limit: 3301

Memory: 4k page, system-wide physical 7498M (649M free)
TotalPageFile size 30026M (AvailPageFile size 45M)
current process WorkingSet (physical memory assigned to process): 12M, peak: 12M
current process commit charge ("private bytes"): 64M, peak: 182M

vm_info: OpenJDK 64-Bit Server VM (21.0.4+7-LTS) for windows-amd64 JRE (21.0.4+7-LTS), built on 2024-07-16T00:00:00Z by "admin" with MS VC++ 17.7 (VS2022)

END.
